<?xml version="1.0" encoding="UTF-8"?>
<testsuite name="org.mallon.TodoListTest" tests="1" skipped="0" failures="0" errors="0" timestamp="2024-08-20T21:24:10" hostname="BK-D-025" time="1.254">
  <properties/>
  <testcase name="completeAllTest()" classname="org.mallon.TodoListTest" time="1.254"/>
  <system-out><![CDATA[]]></system-out>
  <system-err><![CDATA[]]></system-err>
</testsuite>
