<?xml version="1.0" encoding="UTF-8"?>
<testsuite name="org.mallon.TodoItemTest" tests="6" skipped="0" failures="0" errors="0" timestamp="2024-08-19T20:49:19" hostname="BK-D-025" time="0.034">
  <properties/>
  <testcase name="ifCompleteIsFalse()" classname="org.mallon.TodoItemTest" time="0.023"/>
  <testcase name="addDescription()" classname="org.mallon.TodoItemTest" time="0.001"/>
  <testcase name="addDescription2()" classname="org.mallon.TodoItemTest" time="0.0"/>
  <testcase name="initialCompleteTest()" classname="org.mallon.TodoItemTest" time="0.001"/>
  <testcase name="createNoDescription()" classname="org.mallon.TodoItemTest" time="0.001"/>
  <testcase name="ifCompleteIsTrue()" classname="org.mallon.TodoItemTest" time="0.001"/>
  <system-out><![CDATA[]]></system-out>
  <system-err><![CDATA[]]></system-err>
</testsuite>
