<?xml version="1.0" encoding="UTF-8"?>
<testsuite name="org.mallon.TodoListIntegrationTest" tests="1" skipped="0" failures="0" errors="0" timestamp="2024-08-19T20:49:19" hostname="BK-D-025" time="0.001">
  <properties/>
  <testcase name="addingToEmptyListTest()" classname="org.mallon.TodoListIntegrationTest" time="0.001"/>
  <system-out><![CDATA[]]></system-out>
  <system-err><![CDATA[]]></system-err>
</testsuite>
